2025-08-08 20:21:40,202 - INFO - [SUCCESS] Python version check passed: 3.13.2
2025-08-08 20:21:40,264 - INFO - [SUCCESS] pip is already available
2025-08-08 20:21:40,283 - INFO - [SUCCESS] Found 41 offline packages
2025-08-08 20:24:37,228 - INFO - [SUCCESS] Offline packages installed successfully
2025-08-08 20:24:41,362 - INFO - [SUCCESS] Package pytest is available
2025-08-08 20:24:44,588 - INFO - [SUCCESS] Package pywinauto is available
2025-08-08 20:24:55,440 - INFO - [SUCCESS] Package pandas is available
2025-08-08 20:24:59,225 - INFO - [SUCCESS] Package openpyxl is available
2025-08-08 20:24:59,227 - INFO - [SUCCESS] All required packages verified
2025-08-08 20:24:59,229 - INFO - [SUCCESS] Framework test passed
2025-08-08 20:24:59,241 - INFO - [SUCCESS] Installation report saved to C:\Myapps\wow\vibecoding\Projectsetup3-working signleflows\github\venv\Scripts\pywinauto\installation_report.json
2025-08-09 02:07:19,198 - INFO - [SUCCESS] Python version check passed: 3.13.5
2025-08-09 02:07:19,203 - INFO - [SUCCESS] pip is already available
2025-08-09 02:07:19,204 - INFO - [SUCCESS] Found 41 offline packages
2025-08-09 02:07:21,202 - INFO - [SUCCESS] Offline packages installed successfully
2025-08-09 02:07:21,396 - INFO - [SUCCESS] Package pytest is available
2025-08-09 02:07:21,702 - INFO - [SUCCESS] Package pywinauto is available
2025-08-09 02:07:22,233 - INFO - [SUCCESS] Package pandas is available
2025-08-09 02:07:22,449 - INFO - [SUCCESS] Package openpyxl is available
2025-08-09 02:07:22,450 - INFO - [SUCCESS] All required packages verified
2025-08-09 02:07:22,450 - INFO - [SUCCESS] Framework test passed
2025-08-09 02:07:22,452 - INFO - [SUCCESS] Installation report saved to C:\WIN_POC\Copilot_project\GitHubintegration\github\Scripts\pywinauto\installation_report.json
2025-08-09 02:10:37,207 - INFO - [SUCCESS] Python version check passed: 3.13.5
2025-08-09 02:10:37,211 - INFO - [SUCCESS] pip is already available
2025-08-09 02:10:37,212 - INFO - [SUCCESS] Found 41 offline packages
2025-08-09 02:10:39,171 - INFO - [SUCCESS] Offline packages installed successfully
2025-08-09 02:10:39,369 - INFO - [SUCCESS] Package pytest is available
2025-08-09 02:10:39,678 - INFO - [SUCCESS] Package pywinauto is available
2025-08-09 02:10:40,195 - INFO - [SUCCESS] Package pandas is available
2025-08-09 02:10:40,398 - INFO - [SUCCESS] Package openpyxl is available
2025-08-09 02:10:40,399 - INFO - [SUCCESS] All required packages verified
2025-08-09 02:10:40,399 - INFO - [SUCCESS] Framework test passed
2025-08-09 02:10:40,401 - INFO - [SUCCESS] Installation report saved to C:\WIN_POC\Copilot_project\GitHubintegration\github\Scripts\pywinauto\installation_report.json
2025-08-09 02:13:13,933 - INFO - [SUCCESS] Python version check passed: 3.13.5
2025-08-09 02:13:13,938 - INFO - [SUCCESS] pip is already available
2025-08-09 02:13:13,939 - INFO - [SUCCESS] Found 41 offline packages
2025-08-09 02:13:15,941 - INFO - [SUCCESS] Offline packages installed successfully
2025-08-09 02:13:16,128 - INFO - [SUCCESS] Package pytest is available
2025-08-09 02:13:16,433 - INFO - [SUCCESS] Package pywinauto is available
2025-08-09 02:13:16,951 - INFO - [SUCCESS] Package pandas is available
2025-08-09 02:13:17,198 - INFO - [SUCCESS] Package openpyxl is available
2025-08-09 02:13:17,198 - INFO - [SUCCESS] All required packages verified
2025-08-09 02:13:17,198 - INFO - [SUCCESS] Framework test passed
2025-08-09 02:13:17,200 - INFO - [SUCCESS] Installation report saved to C:\WIN_POC\Copilot_project\GitHubintegration\github\Scripts\pywinauto\installation_report.json
2025-08-09 02:22:08,833 - INFO - [SUCCESS] Python version check passed: 3.13.5
2025-08-09 02:22:08,838 - INFO - [SUCCESS] pip is already available
2025-08-09 02:22:08,839 - INFO - [SUCCESS] Found 41 offline packages
2025-08-09 02:22:10,879 - INFO - [SUCCESS] Offline packages installed successfully
2025-08-09 02:22:11,089 - INFO - [SUCCESS] Package pytest is available
2025-08-09 02:22:11,458 - INFO - [SUCCESS] Package pywinauto is available
2025-08-09 02:22:12,013 - INFO - [SUCCESS] Package pandas is available
2025-08-09 02:22:12,229 - INFO - [SUCCESS] Package openpyxl is available
2025-08-09 02:22:12,229 - INFO - [SUCCESS] All required packages verified
2025-08-09 02:22:12,230 - INFO - [SUCCESS] Framework test passed
2025-08-09 02:22:12,232 - INFO - [SUCCESS] Installation report saved to C:\WIN_POC\Copilot_project\GitHubintegration\github\Scripts\pywinauto\installation_report.json
